<?xml version="1.0" encoding="UTF-8"?>
<!-- Generated by org.testng.reporters.JUnitReportReporter -->
<testsuite skipped="0" hostname="DESKTOP-5A40954" name="testNG.Sample" tests="1" failures="0" timestamp="2022-05-03T11:40:22 IST" time="0.012" errors="0">
  <testcase name="smokeTC1" time="0.012" classname="testNG.Sample"/>
  <system-out/>
</testsuite> <!-- testNG.Sample -->
